The system is: Darwin - 22.1.0 - arm64
Compiling the C compiler identification source file "CMakeCCompilerId.c" succeeded.
Compiler: /Users/asaxe/miniconda3/envs/procgen/bin/arm64-apple-darwin20.0.0-clang 
Build flags: -ftree-vectorize;-fPIC;-fPIE;-fstack-protector-strong;-O2;-pipe;-isystem;/Users/asaxe/miniconda3/envs/procgen/include
Id flags:  

The output was:
0


Compilation of the C compiler identification source "CMakeCCompilerId.c" produced "a.out"

The C compiler identification is Clang, found in "/Users/asaxe/Library/CloudStorage/Dropbox/Research/procgen/procgen/.build/relwithdebinfo/CMakeFiles/3.21.3/CompilerIdC/a.out"

Compiling the CXX compiler identification source file "CMakeCXXCompilerId.cpp" succeeded.
Compiler: /Users/asaxe/miniconda3/envs/procgen/bin/clang++ 
Build flags: 
Id flags:  

The output was:
0


Compilation of the CXX compiler identification source "CMakeCXXCompilerId.cpp" produced "a.out"

The CXX compiler identification is Clang, found in "/Users/asaxe/Library/CloudStorage/Dropbox/Research/procgen/procgen/.build/relwithdebinfo/CMakeFiles/3.21.3/CompilerIdCXX/a.out"

Detecting C compiler ABI info compiled with the following output:
Change Dir: /Users/asaxe/Library/CloudStorage/Dropbox/Research/procgen/procgen/.build/relwithdebinfo/CMakeFiles/CMakeTmp

Run Build Command(s):/usr/bin/make -f Makefile cmTC_34c9b/fast && /Library/Developer/CommandLineTools/usr/bin/make  -f CMakeFiles/cmTC_34c9b.dir/build.make CMakeFiles/cmTC_34c9b.dir/build
Building C object CMakeFiles/cmTC_34c9b.dir/CMakeCCompilerABI.c.o
/Users/asaxe/miniconda3/envs/procgen/bin/arm64-apple-darwin20.0.0-clang   -ftree-vectorize -fPIC -fPIE -fstack-protector-strong -O2 -pipe -isystem /Users/asaxe/miniconda3/envs/procgen/include  -arch arm64 -isysroot /Library/Developer/CommandLineTools/SDKs/MacOSX.sdk   -v -Wl,-v -MD -MT CMakeFiles/cmTC_34c9b.dir/CMakeCCompilerABI.c.o -MF CMakeFiles/cmTC_34c9b.dir/CMakeCCompilerABI.c.o.d -o CMakeFiles/cmTC_34c9b.dir/CMakeCCompilerABI.c.o -c /Users/asaxe/miniconda3/envs/procgen/share/cmake-3.21/Modules/CMakeCCompilerABI.c
clang version 11.1.0
Target: aarch64-apple-darwin20.0.0
Thread model: posix
InstalledDir: /Users/asaxe/miniconda3/envs/procgen/bin
clang-11: warning: -Wl,-v: 'linker' input unused [-Wunused-command-line-argument]
 (in-process)
 "/Users/asaxe/miniconda3/envs/procgen/bin/clang-11" -cc1 -triple arm64-apple-macosx13.0.0 -Wundef-prefix=TARGET_OS_ -Werror=undef-prefix -Wdeprecated-objc-isa-usage -Werror=deprecated-objc-isa-usage -emit-obj -disable-free -disable-llvm-verifier -discard-value-names -main-file-name CMakeCCompilerABI.c -mrelocation-model pic -pic-level 2 -mframe-pointer=non-leaf -fno-rounding-math -munwind-tables -target-sdk-version=13.3 -fcompatibility-qualified-id-block-type-checking -target-cpu apple-a7 -target-feature +fp-armv8 -target-feature +neon -target-feature +crypto -target-feature +zcm -target-feature +zcz -target-feature +sha2 -target-feature +aes -target-abi darwinpcs -fallow-half-arguments-and-returns -debugger-tuning=lldb -target-linker-version 530 -v -resource-dir /Users/asaxe/miniconda3/envs/procgen/lib/clang/11.1.0 -dependency-file CMakeFiles/cmTC_34c9b.dir/CMakeCCompilerABI.c.o.d -MT CMakeFiles/cmTC_34c9b.dir/CMakeCCompilerABI.c.o -sys-header-deps -isystem /Users/asaxe/miniconda3/envs/procgen/include -isysroot /Library/Developer/CommandLineTools/SDKs/MacOSX.sdk -internal-isystem /Library/Developer/CommandLineTools/SDKs/MacOSX.sdk/usr/local/include -internal-isystem /Users/asaxe/miniconda3/envs/procgen/lib/clang/11.1.0/include -internal-externc-isystem /Library/Developer/CommandLineTools/SDKs/MacOSX.sdk/usr/include -O2 -fdebug-compilation-dir /Users/asaxe/Library/CloudStorage/Dropbox/Research/procgen/procgen/.build/relwithdebinfo/CMakeFiles/CMakeTmp -ferror-limit 19 -stack-protector 2 -fblocks -fencode-extended-block-signature -fregister-global-dtors-with-atexit -fgnuc-version=4.2.1 -fmax-type-align=16 -vectorize-loops -vectorize-slp -o CMakeFiles/cmTC_34c9b.dir/CMakeCCompilerABI.c.o -x c /Users/asaxe/miniconda3/envs/procgen/share/cmake-3.21/Modules/CMakeCCompilerABI.c
clang -cc1 version 11.1.0 based upon LLVM 11.1.0 default target arm64-apple-darwin22.1.0
ignoring nonexistent directory "/Library/Developer/CommandLineTools/SDKs/MacOSX.sdk/usr/local/include"
ignoring nonexistent directory "/Library/Developer/CommandLineTools/SDKs/MacOSX.sdk/Library/Frameworks"
#include "..." search starts here:
#include <...> search starts here:
 /Users/asaxe/miniconda3/envs/procgen/include
 /Users/asaxe/miniconda3/envs/procgen/lib/clang/11.1.0/include
 /Library/Developer/CommandLineTools/SDKs/MacOSX.sdk/usr/include
 /Library/Developer/CommandLineTools/SDKs/MacOSX.sdk/System/Library/Frameworks (framework directory)
End of search list.
Linking C executable cmTC_34c9b
/Users/asaxe/miniconda3/envs/procgen/bin/cmake -E cmake_link_script CMakeFiles/cmTC_34c9b.dir/link.txt --verbose=1
/Users/asaxe/miniconda3/envs/procgen/bin/arm64-apple-darwin20.0.0-clang -ftree-vectorize -fPIC -fPIE -fstack-protector-strong -O2 -pipe -isystem /Users/asaxe/miniconda3/envs/procgen/include  -arch arm64 -isysroot /Library/Developer/CommandLineTools/SDKs/MacOSX.sdk -Wl,-search_paths_first -Wl,-headerpad_max_install_names -Wl,-pie -Wl,-headerpad_max_install_names -Wl,-dead_strip_dylibs -Wl,-rpath,/Users/asaxe/miniconda3/envs/procgen/lib -L/Users/asaxe/miniconda3/envs/procgen/lib -v -Wl,-v CMakeFiles/cmTC_34c9b.dir/CMakeCCompilerABI.c.o -o cmTC_34c9b 
clang version 11.1.0
Target: aarch64-apple-darwin20.0.0
Thread model: posix
InstalledDir: /Users/asaxe/miniconda3/envs/procgen/bin
 "/Users/asaxe/miniconda3/envs/procgen/bin/arm64-apple-darwin20.0.0-ld" -demangle -lto_library /Users/asaxe/miniconda3/envs/procgen/lib/libLTO.11.dylib -dynamic -arch arm64 -platform_version macos 13.0.0 13.3 -pie -syslibroot /Library/Developer/CommandLineTools/SDKs/MacOSX.sdk -o cmTC_34c9b -L/Users/asaxe/miniconda3/envs/procgen/lib -search_paths_first -headerpad_max_install_names -pie -headerpad_max_install_names -dead_strip_dylibs -rpath /Users/asaxe/miniconda3/envs/procgen/lib -v CMakeFiles/cmTC_34c9b.dir/CMakeCCompilerABI.c.o -lSystem /Users/asaxe/miniconda3/envs/procgen/lib/clang/11.1.0/lib/darwin/libclang_rt.osx.a
@(#)PROGRAM:ld  PROJECT:ld64-609
BUILD 11:21:23 Mar 17 2022
configured to support archs: armv6 armv7 armv7s arm64 arm64e arm64_32 i386 x86_64 x86_64h armv6m armv7k armv7m armv7em (tvOS)
Library search paths:
	/Users/asaxe/miniconda3/envs/procgen/lib
	/Library/Developer/CommandLineTools/SDKs/MacOSX.sdk/usr/lib
Framework search paths:
	/Library/Developer/CommandLineTools/SDKs/MacOSX.sdk/System/Library/Frameworks/



Parsed C implicit include dir info from above output: rv=done
  found start of include info
  found start of implicit include info
    add: [/Users/asaxe/miniconda3/envs/procgen/include]
    add: [/Users/asaxe/miniconda3/envs/procgen/lib/clang/11.1.0/include]
    add: [/Library/Developer/CommandLineTools/SDKs/MacOSX.sdk/usr/include]
  end of search list found
  collapse include dir [/Users/asaxe/miniconda3/envs/procgen/include] ==> [/Users/asaxe/miniconda3/envs/procgen/include]
  collapse include dir [/Users/asaxe/miniconda3/envs/procgen/lib/clang/11.1.0/include] ==> [/Users/asaxe/miniconda3/envs/procgen/lib/clang/11.1.0/include]
  collapse include dir [/Library/Developer/CommandLineTools/SDKs/MacOSX.sdk/usr/include] ==> [/Library/Developer/CommandLineTools/SDKs/MacOSX.sdk/usr/include]
  implicit include dirs: [/Users/asaxe/miniconda3/envs/procgen/include;/Users/asaxe/miniconda3/envs/procgen/lib/clang/11.1.0/include;/Library/Developer/CommandLineTools/SDKs/MacOSX.sdk/usr/include]


Parsed C implicit link information from above output:
  link line regex: [^( *|.*[/\])(arm64-apple-darwin20\.0\.0-ld|CMAKE_LINK_STARTFILE-NOTFOUND|([^/\]+-)?ld|collect2)[^/\]*( |$)]
  ignore line: [Change Dir: /Users/asaxe/Library/CloudStorage/Dropbox/Research/procgen/procgen/.build/relwithdebinfo/CMakeFiles/CMakeTmp]
  ignore line: []
  ignore line: [Run Build Command(s):/usr/bin/make -f Makefile cmTC_34c9b/fast && /Library/Developer/CommandLineTools/usr/bin/make  -f CMakeFiles/cmTC_34c9b.dir/build.make CMakeFiles/cmTC_34c9b.dir/build]
  ignore line: [Building C object CMakeFiles/cmTC_34c9b.dir/CMakeCCompilerABI.c.o]
  ignore line: [/Users/asaxe/miniconda3/envs/procgen/bin/arm64-apple-darwin20.0.0-clang   -ftree-vectorize -fPIC -fPIE -fstack-protector-strong -O2 -pipe -isystem /Users/asaxe/miniconda3/envs/procgen/include  -arch arm64 -isysroot /Library/Developer/CommandLineTools/SDKs/MacOSX.sdk   -v -Wl -v -MD -MT CMakeFiles/cmTC_34c9b.dir/CMakeCCompilerABI.c.o -MF CMakeFiles/cmTC_34c9b.dir/CMakeCCompilerABI.c.o.d -o CMakeFiles/cmTC_34c9b.dir/CMakeCCompilerABI.c.o -c /Users/asaxe/miniconda3/envs/procgen/share/cmake-3.21/Modules/CMakeCCompilerABI.c]
  ignore line: [clang version 11.1.0]
  ignore line: [Target: aarch64-apple-darwin20.0.0]
  ignore line: [Thread model: posix]
  ignore line: [InstalledDir: /Users/asaxe/miniconda3/envs/procgen/bin]
  ignore line: [clang-11: warning: -Wl -v: 'linker' input unused [-Wunused-command-line-argument]]
  ignore line: [ (in-process)]
  ignore line: [ "/Users/asaxe/miniconda3/envs/procgen/bin/clang-11" -cc1 -triple arm64-apple-macosx13.0.0 -Wundef-prefix=TARGET_OS_ -Werror=undef-prefix -Wdeprecated-objc-isa-usage -Werror=deprecated-objc-isa-usage -emit-obj -disable-free -disable-llvm-verifier -discard-value-names -main-file-name CMakeCCompilerABI.c -mrelocation-model pic -pic-level 2 -mframe-pointer=non-leaf -fno-rounding-math -munwind-tables -target-sdk-version=13.3 -fcompatibility-qualified-id-block-type-checking -target-cpu apple-a7 -target-feature +fp-armv8 -target-feature +neon -target-feature +crypto -target-feature +zcm -target-feature +zcz -target-feature +sha2 -target-feature +aes -target-abi darwinpcs -fallow-half-arguments-and-returns -debugger-tuning=lldb -target-linker-version 530 -v -resource-dir /Users/asaxe/miniconda3/envs/procgen/lib/clang/11.1.0 -dependency-file CMakeFiles/cmTC_34c9b.dir/CMakeCCompilerABI.c.o.d -MT CMakeFiles/cmTC_34c9b.dir/CMakeCCompilerABI.c.o -sys-header-deps -isystem /Users/asaxe/miniconda3/envs/procgen/include -isysroot /Library/Developer/CommandLineTools/SDKs/MacOSX.sdk -internal-isystem /Library/Developer/CommandLineTools/SDKs/MacOSX.sdk/usr/local/include -internal-isystem /Users/asaxe/miniconda3/envs/procgen/lib/clang/11.1.0/include -internal-externc-isystem /Library/Developer/CommandLineTools/SDKs/MacOSX.sdk/usr/include -O2 -fdebug-compilation-dir /Users/asaxe/Library/CloudStorage/Dropbox/Research/procgen/procgen/.build/relwithdebinfo/CMakeFiles/CMakeTmp -ferror-limit 19 -stack-protector 2 -fblocks -fencode-extended-block-signature -fregister-global-dtors-with-atexit -fgnuc-version=4.2.1 -fmax-type-align=16 -vectorize-loops -vectorize-slp -o CMakeFiles/cmTC_34c9b.dir/CMakeCCompilerABI.c.o -x c /Users/asaxe/miniconda3/envs/procgen/share/cmake-3.21/Modules/CMakeCCompilerABI.c]
  ignore line: [clang -cc1 version 11.1.0 based upon LLVM 11.1.0 default target arm64-apple-darwin22.1.0]
  ignore line: [ignoring nonexistent directory "/Library/Developer/CommandLineTools/SDKs/MacOSX.sdk/usr/local/include"]
  ignore line: [ignoring nonexistent directory "/Library/Developer/CommandLineTools/SDKs/MacOSX.sdk/Library/Frameworks"]
  ignore line: [#include "..." search starts here:]
  ignore line: [#include <...> search starts here:]
  ignore line: [ /Users/asaxe/miniconda3/envs/procgen/include]
  ignore line: [ /Users/asaxe/miniconda3/envs/procgen/lib/clang/11.1.0/include]
  ignore line: [ /Library/Developer/CommandLineTools/SDKs/MacOSX.sdk/usr/include]
  ignore line: [ /Library/Developer/CommandLineTools/SDKs/MacOSX.sdk/System/Library/Frameworks (framework directory)]
  ignore line: [End of search list.]
  ignore line: [Linking C executable cmTC_34c9b]
  ignore line: [/Users/asaxe/miniconda3/envs/procgen/bin/cmake -E cmake_link_script CMakeFiles/cmTC_34c9b.dir/link.txt --verbose=1]
  ignore line: [/Users/asaxe/miniconda3/envs/procgen/bin/arm64-apple-darwin20.0.0-clang -ftree-vectorize -fPIC -fPIE -fstack-protector-strong -O2 -pipe -isystem /Users/asaxe/miniconda3/envs/procgen/include  -arch arm64 -isysroot /Library/Developer/CommandLineTools/SDKs/MacOSX.sdk -Wl -search_paths_first -Wl -headerpad_max_install_names -Wl -pie -Wl -headerpad_max_install_names -Wl -dead_strip_dylibs -Wl -rpath /Users/asaxe/miniconda3/envs/procgen/lib -L/Users/asaxe/miniconda3/envs/procgen/lib -v -Wl -v CMakeFiles/cmTC_34c9b.dir/CMakeCCompilerABI.c.o -o cmTC_34c9b ]
  ignore line: [clang version 11.1.0]
  ignore line: [Target: aarch64-apple-darwin20.0.0]
  ignore line: [Thread model: posix]
  ignore line: [InstalledDir: /Users/asaxe/miniconda3/envs/procgen/bin]
  link line: [ "/Users/asaxe/miniconda3/envs/procgen/bin/arm64-apple-darwin20.0.0-ld" -demangle -lto_library /Users/asaxe/miniconda3/envs/procgen/lib/libLTO.11.dylib -dynamic -arch arm64 -platform_version macos 13.0.0 13.3 -pie -syslibroot /Library/Developer/CommandLineTools/SDKs/MacOSX.sdk -o cmTC_34c9b -L/Users/asaxe/miniconda3/envs/procgen/lib -search_paths_first -headerpad_max_install_names -pie -headerpad_max_install_names -dead_strip_dylibs -rpath /Users/asaxe/miniconda3/envs/procgen/lib -v CMakeFiles/cmTC_34c9b.dir/CMakeCCompilerABI.c.o -lSystem /Users/asaxe/miniconda3/envs/procgen/lib/clang/11.1.0/lib/darwin/libclang_rt.osx.a]
    arg [/Users/asaxe/miniconda3/envs/procgen/bin/arm64-apple-darwin20.0.0-ld] ==> ignore
    arg [-demangle] ==> ignore
    arg [-lto_library] ==> ignore, skip following value
    arg [/Users/asaxe/miniconda3/envs/procgen/lib/libLTO.11.dylib] ==> skip value of -lto_library
    arg [-dynamic] ==> ignore
    arg [-arch] ==> ignore
    arg [arm64] ==> ignore
    arg [-platform_version] ==> ignore
    arg [macos] ==> ignore
    arg [13.0.0] ==> ignore
    arg [13.3] ==> ignore
    arg [-pie] ==> ignore
    arg [-syslibroot] ==> ignore
    arg [/Library/Developer/CommandLineTools/SDKs/MacOSX.sdk] ==> ignore
    arg [-o] ==> ignore
    arg [cmTC_34c9b] ==> ignore
    arg [-L/Users/asaxe/miniconda3/envs/procgen/lib] ==> dir [/Users/asaxe/miniconda3/envs/procgen/lib]
    arg [-search_paths_first] ==> ignore
    arg [-headerpad_max_install_names] ==> ignore
    arg [-pie] ==> ignore
    arg [-headerpad_max_install_names] ==> ignore
    arg [-dead_strip_dylibs] ==> ignore
    arg [-rpath] ==> ignore
    arg [/Users/asaxe/miniconda3/envs/procgen/lib] ==> ignore
    arg [-v] ==> ignore
    arg [CMakeFiles/cmTC_34c9b.dir/CMakeCCompilerABI.c.o] ==> ignore
    arg [-lSystem] ==> lib [System]
    arg [/Users/asaxe/miniconda3/envs/procgen/lib/clang/11.1.0/lib/darwin/libclang_rt.osx.a] ==> lib [/Users/asaxe/miniconda3/envs/procgen/lib/clang/11.1.0/lib/darwin/libclang_rt.osx.a]
  Library search paths: [;/Users/asaxe/miniconda3/envs/procgen/lib;/Library/Developer/CommandLineTools/SDKs/MacOSX.sdk/usr/lib]
  Framework search paths: [;/Library/Developer/CommandLineTools/SDKs/MacOSX.sdk/System/Library/Frameworks/]
  remove lib [System]
  remove lib [/Users/asaxe/miniconda3/envs/procgen/lib/clang/11.1.0/lib/darwin/libclang_rt.osx.a]
  collapse library dir [/Users/asaxe/miniconda3/envs/procgen/lib] ==> [/Users/asaxe/miniconda3/envs/procgen/lib]
  collapse library dir [/Users/asaxe/miniconda3/envs/procgen/lib] ==> [/Users/asaxe/miniconda3/envs/procgen/lib]
  collapse library dir [/Library/Developer/CommandLineTools/SDKs/MacOSX.sdk/usr/lib] ==> [/Library/Developer/CommandLineTools/SDKs/MacOSX.sdk/usr/lib]
  collapse framework dir [/Library/Developer/CommandLineTools/SDKs/MacOSX.sdk/System/Library/Frameworks/] ==> [/Library/Developer/CommandLineTools/SDKs/MacOSX.sdk/System/Library/Frameworks]
  implicit libs: []
  implicit objs: []
  implicit dirs: [/Users/asaxe/miniconda3/envs/procgen/lib;/Library/Developer/CommandLineTools/SDKs/MacOSX.sdk/usr/lib]
  implicit fwks: [/Library/Developer/CommandLineTools/SDKs/MacOSX.sdk/System/Library/Frameworks]


Detecting CXX compiler ABI info compiled with the following output:
Change Dir: /Users/asaxe/Library/CloudStorage/Dropbox/Research/procgen/procgen/.build/relwithdebinfo/CMakeFiles/CMakeTmp

Run Build Command(s):/usr/bin/make -f Makefile cmTC_ddcef/fast && /Library/Developer/CommandLineTools/usr/bin/make  -f CMakeFiles/cmTC_ddcef.dir/build.make CMakeFiles/cmTC_ddcef.dir/build
Building CXX object CMakeFiles/cmTC_ddcef.dir/CMakeCXXCompilerABI.cpp.o
/Users/asaxe/miniconda3/envs/procgen/bin/clang++   -arch arm64 -isysroot /Library/Developer/CommandLineTools/SDKs/MacOSX.sdk   -v -Wl,-v -MD -MT CMakeFiles/cmTC_ddcef.dir/CMakeCXXCompilerABI.cpp.o -MF CMakeFiles/cmTC_ddcef.dir/CMakeCXXCompilerABI.cpp.o.d -o CMakeFiles/cmTC_ddcef.dir/CMakeCXXCompilerABI.cpp.o -c /Users/asaxe/miniconda3/envs/procgen/share/cmake-3.21/Modules/CMakeCXXCompilerABI.cpp
clang version 11.1.0
Target: aarch64-apple-darwin22.1.0
Thread model: posix
InstalledDir: /Users/asaxe/miniconda3/envs/procgen/bin
clang-11: warning: -Wl,-v: 'linker' input unused [-Wunused-command-line-argument]
 (in-process)
 "/Users/asaxe/miniconda3/envs/procgen/bin/clang-11" -cc1 -triple arm64-apple-macosx13.0.0 -Wundef-prefix=TARGET_OS_ -Werror=undef-prefix -Wdeprecated-objc-isa-usage -Werror=deprecated-objc-isa-usage -emit-obj -mrelax-all -disable-free -disable-llvm-verifier -discard-value-names -main-file-name CMakeCXXCompilerABI.cpp -mrelocation-model pic -pic-level 2 -mframe-pointer=non-leaf -fno-rounding-math -munwind-tables -target-sdk-version=13.3 -fcompatibility-qualified-id-block-type-checking -target-cpu apple-a7 -target-feature +fp-armv8 -target-feature +neon -target-feature +crypto -target-feature +zcm -target-feature +zcz -target-feature +sha2 -target-feature +aes -target-abi darwinpcs -fallow-half-arguments-and-returns -debugger-tuning=lldb -target-linker-version 530 -v -resource-dir /Users/asaxe/miniconda3/envs/procgen/lib/clang/11.1.0 -dependency-file CMakeFiles/cmTC_ddcef.dir/CMakeCXXCompilerABI.cpp.o.d -MT CMakeFiles/cmTC_ddcef.dir/CMakeCXXCompilerABI.cpp.o -sys-header-deps -isysroot /Library/Developer/CommandLineTools/SDKs/MacOSX.sdk -stdlib=libc++ -internal-isystem /Users/asaxe/miniconda3/envs/procgen/bin/../include/c++/v1 -internal-isystem /Library/Developer/CommandLineTools/SDKs/MacOSX.sdk/usr/local/include -internal-isystem /Users/asaxe/miniconda3/envs/procgen/lib/clang/11.1.0/include -internal-externc-isystem /Library/Developer/CommandLineTools/SDKs/MacOSX.sdk/usr/include -fdeprecated-macro -fdebug-compilation-dir /Users/asaxe/Library/CloudStorage/Dropbox/Research/procgen/procgen/.build/relwithdebinfo/CMakeFiles/CMakeTmp -ferror-limit 19 -stack-protector 1 -fblocks -fencode-extended-block-signature -fregister-global-dtors-with-atexit -fgnuc-version=4.2.1 -fcxx-exceptions -fexceptions -fmax-type-align=16 -o CMakeFiles/cmTC_ddcef.dir/CMakeCXXCompilerABI.cpp.o -x c++ /Users/asaxe/miniconda3/envs/procgen/share/cmake-3.21/Modules/CMakeCXXCompilerABI.cpp
clang -cc1 version 11.1.0 based upon LLVM 11.1.0 default target arm64-apple-darwin22.1.0
ignoring nonexistent directory "/Library/Developer/CommandLineTools/SDKs/MacOSX.sdk/usr/local/include"
ignoring nonexistent directory "/Library/Developer/CommandLineTools/SDKs/MacOSX.sdk/Library/Frameworks"
#include "..." search starts here:
#include <...> search starts here:
 /Users/asaxe/miniconda3/envs/procgen/bin/../include/c++/v1
 /Users/asaxe/miniconda3/envs/procgen/lib/clang/11.1.0/include
 /Library/Developer/CommandLineTools/SDKs/MacOSX.sdk/usr/include
 /Library/Developer/CommandLineTools/SDKs/MacOSX.sdk/System/Library/Frameworks (framework directory)
End of search list.
Linking CXX executable cmTC_ddcef
/Users/asaxe/miniconda3/envs/procgen/bin/cmake -E cmake_link_script CMakeFiles/cmTC_ddcef.dir/link.txt --verbose=1
/Users/asaxe/miniconda3/envs/procgen/bin/clang++  -arch arm64 -isysroot /Library/Developer/CommandLineTools/SDKs/MacOSX.sdk -Wl,-search_paths_first -Wl,-headerpad_max_install_names -Wl,-pie -Wl,-headerpad_max_install_names -Wl,-dead_strip_dylibs -Wl,-rpath,/Users/asaxe/miniconda3/envs/procgen/lib -L/Users/asaxe/miniconda3/envs/procgen/lib -v -Wl,-v CMakeFiles/cmTC_ddcef.dir/CMakeCXXCompilerABI.cpp.o -o cmTC_ddcef 
clang version 11.1.0
Target: aarch64-apple-darwin22.1.0
Thread model: posix
InstalledDir: /Users/asaxe/miniconda3/envs/procgen/bin
 "/Users/asaxe/miniconda3/envs/procgen/bin/ld" -demangle -lto_library /Users/asaxe/miniconda3/envs/procgen/lib/libLTO.11.dylib -dynamic -arch arm64 -platform_version macos 13.0.0 13.3 -syslibroot /Library/Developer/CommandLineTools/SDKs/MacOSX.sdk -o cmTC_ddcef -L/Users/asaxe/miniconda3/envs/procgen/lib -search_paths_first -headerpad_max_install_names -pie -headerpad_max_install_names -dead_strip_dylibs -rpath /Users/asaxe/miniconda3/envs/procgen/lib -v CMakeFiles/cmTC_ddcef.dir/CMakeCXXCompilerABI.cpp.o -lc++ -lSystem /Users/asaxe/miniconda3/envs/procgen/lib/clang/11.1.0/lib/darwin/libclang_rt.osx.a
@(#)PROGRAM:ld  PROJECT:ld64-609
BUILD 11:21:23 Mar 17 2022
configured to support archs: armv6 armv7 armv7s arm64 arm64e arm64_32 i386 x86_64 x86_64h armv6m armv7k armv7m armv7em (tvOS)
Library search paths:
	/Users/asaxe/miniconda3/envs/procgen/lib
	/Library/Developer/CommandLineTools/SDKs/MacOSX.sdk/usr/lib
Framework search paths:
	/Library/Developer/CommandLineTools/SDKs/MacOSX.sdk/System/Library/Frameworks/



Parsed CXX implicit include dir info from above output: rv=done
  found start of include info
  found start of implicit include info
    add: [/Users/asaxe/miniconda3/envs/procgen/bin/../include/c++/v1]
    add: [/Users/asaxe/miniconda3/envs/procgen/lib/clang/11.1.0/include]
    add: [/Library/Developer/CommandLineTools/SDKs/MacOSX.sdk/usr/include]
  end of search list found
  collapse include dir [/Users/asaxe/miniconda3/envs/procgen/bin/../include/c++/v1] ==> [/Users/asaxe/miniconda3/envs/procgen/include/c++/v1]
  collapse include dir [/Users/asaxe/miniconda3/envs/procgen/lib/clang/11.1.0/include] ==> [/Users/asaxe/miniconda3/envs/procgen/lib/clang/11.1.0/include]
  collapse include dir [/Library/Developer/CommandLineTools/SDKs/MacOSX.sdk/usr/include] ==> [/Library/Developer/CommandLineTools/SDKs/MacOSX.sdk/usr/include]
  implicit include dirs: [/Users/asaxe/miniconda3/envs/procgen/include/c++/v1;/Users/asaxe/miniconda3/envs/procgen/lib/clang/11.1.0/include;/Library/Developer/CommandLineTools/SDKs/MacOSX.sdk/usr/include]


Parsed CXX implicit link information from above output:
  link line regex: [^( *|.*[/\])(arm64-apple-darwin20\.0\.0-ld|CMAKE_LINK_STARTFILE-NOTFOUND|([^/\]+-)?ld|collect2)[^/\]*( |$)]
  ignore line: [Change Dir: /Users/asaxe/Library/CloudStorage/Dropbox/Research/procgen/procgen/.build/relwithdebinfo/CMakeFiles/CMakeTmp]
  ignore line: []
  ignore line: [Run Build Command(s):/usr/bin/make -f Makefile cmTC_ddcef/fast && /Library/Developer/CommandLineTools/usr/bin/make  -f CMakeFiles/cmTC_ddcef.dir/build.make CMakeFiles/cmTC_ddcef.dir/build]
  ignore line: [Building CXX object CMakeFiles/cmTC_ddcef.dir/CMakeCXXCompilerABI.cpp.o]
  ignore line: [/Users/asaxe/miniconda3/envs/procgen/bin/clang++   -arch arm64 -isysroot /Library/Developer/CommandLineTools/SDKs/MacOSX.sdk   -v -Wl -v -MD -MT CMakeFiles/cmTC_ddcef.dir/CMakeCXXCompilerABI.cpp.o -MF CMakeFiles/cmTC_ddcef.dir/CMakeCXXCompilerABI.cpp.o.d -o CMakeFiles/cmTC_ddcef.dir/CMakeCXXCompilerABI.cpp.o -c /Users/asaxe/miniconda3/envs/procgen/share/cmake-3.21/Modules/CMakeCXXCompilerABI.cpp]
  ignore line: [clang version 11.1.0]
  ignore line: [Target: aarch64-apple-darwin22.1.0]
  ignore line: [Thread model: posix]
  ignore line: [InstalledDir: /Users/asaxe/miniconda3/envs/procgen/bin]
  ignore line: [clang-11: warning: -Wl -v: 'linker' input unused [-Wunused-command-line-argument]]
  ignore line: [ (in-process)]
  ignore line: [ "/Users/asaxe/miniconda3/envs/procgen/bin/clang-11" -cc1 -triple arm64-apple-macosx13.0.0 -Wundef-prefix=TARGET_OS_ -Werror=undef-prefix -Wdeprecated-objc-isa-usage -Werror=deprecated-objc-isa-usage -emit-obj -mrelax-all -disable-free -disable-llvm-verifier -discard-value-names -main-file-name CMakeCXXCompilerABI.cpp -mrelocation-model pic -pic-level 2 -mframe-pointer=non-leaf -fno-rounding-math -munwind-tables -target-sdk-version=13.3 -fcompatibility-qualified-id-block-type-checking -target-cpu apple-a7 -target-feature +fp-armv8 -target-feature +neon -target-feature +crypto -target-feature +zcm -target-feature +zcz -target-feature +sha2 -target-feature +aes -target-abi darwinpcs -fallow-half-arguments-and-returns -debugger-tuning=lldb -target-linker-version 530 -v -resource-dir /Users/asaxe/miniconda3/envs/procgen/lib/clang/11.1.0 -dependency-file CMakeFiles/cmTC_ddcef.dir/CMakeCXXCompilerABI.cpp.o.d -MT CMakeFiles/cmTC_ddcef.dir/CMakeCXXCompilerABI.cpp.o -sys-header-deps -isysroot /Library/Developer/CommandLineTools/SDKs/MacOSX.sdk -stdlib=libc++ -internal-isystem /Users/asaxe/miniconda3/envs/procgen/bin/../include/c++/v1 -internal-isystem /Library/Developer/CommandLineTools/SDKs/MacOSX.sdk/usr/local/include -internal-isystem /Users/asaxe/miniconda3/envs/procgen/lib/clang/11.1.0/include -internal-externc-isystem /Library/Developer/CommandLineTools/SDKs/MacOSX.sdk/usr/include -fdeprecated-macro -fdebug-compilation-dir /Users/asaxe/Library/CloudStorage/Dropbox/Research/procgen/procgen/.build/relwithdebinfo/CMakeFiles/CMakeTmp -ferror-limit 19 -stack-protector 1 -fblocks -fencode-extended-block-signature -fregister-global-dtors-with-atexit -fgnuc-version=4.2.1 -fcxx-exceptions -fexceptions -fmax-type-align=16 -o CMakeFiles/cmTC_ddcef.dir/CMakeCXXCompilerABI.cpp.o -x c++ /Users/asaxe/miniconda3/envs/procgen/share/cmake-3.21/Modules/CMakeCXXCompilerABI.cpp]
  ignore line: [clang -cc1 version 11.1.0 based upon LLVM 11.1.0 default target arm64-apple-darwin22.1.0]
  ignore line: [ignoring nonexistent directory "/Library/Developer/CommandLineTools/SDKs/MacOSX.sdk/usr/local/include"]
  ignore line: [ignoring nonexistent directory "/Library/Developer/CommandLineTools/SDKs/MacOSX.sdk/Library/Frameworks"]
  ignore line: [#include "..." search starts here:]
  ignore line: [#include <...> search starts here:]
  ignore line: [ /Users/asaxe/miniconda3/envs/procgen/bin/../include/c++/v1]
  ignore line: [ /Users/asaxe/miniconda3/envs/procgen/lib/clang/11.1.0/include]
  ignore line: [ /Library/Developer/CommandLineTools/SDKs/MacOSX.sdk/usr/include]
  ignore line: [ /Library/Developer/CommandLineTools/SDKs/MacOSX.sdk/System/Library/Frameworks (framework directory)]
  ignore line: [End of search list.]
  ignore line: [Linking CXX executable cmTC_ddcef]
  ignore line: [/Users/asaxe/miniconda3/envs/procgen/bin/cmake -E cmake_link_script CMakeFiles/cmTC_ddcef.dir/link.txt --verbose=1]
  ignore line: [/Users/asaxe/miniconda3/envs/procgen/bin/clang++  -arch arm64 -isysroot /Library/Developer/CommandLineTools/SDKs/MacOSX.sdk -Wl -search_paths_first -Wl -headerpad_max_install_names -Wl -pie -Wl -headerpad_max_install_names -Wl -dead_strip_dylibs -Wl -rpath /Users/asaxe/miniconda3/envs/procgen/lib -L/Users/asaxe/miniconda3/envs/procgen/lib -v -Wl -v CMakeFiles/cmTC_ddcef.dir/CMakeCXXCompilerABI.cpp.o -o cmTC_ddcef ]
  ignore line: [clang version 11.1.0]
  ignore line: [Target: aarch64-apple-darwin22.1.0]
  ignore line: [Thread model: posix]
  ignore line: [InstalledDir: /Users/asaxe/miniconda3/envs/procgen/bin]
  link line: [ "/Users/asaxe/miniconda3/envs/procgen/bin/ld" -demangle -lto_library /Users/asaxe/miniconda3/envs/procgen/lib/libLTO.11.dylib -dynamic -arch arm64 -platform_version macos 13.0.0 13.3 -syslibroot /Library/Developer/CommandLineTools/SDKs/MacOSX.sdk -o cmTC_ddcef -L/Users/asaxe/miniconda3/envs/procgen/lib -search_paths_first -headerpad_max_install_names -pie -headerpad_max_install_names -dead_strip_dylibs -rpath /Users/asaxe/miniconda3/envs/procgen/lib -v CMakeFiles/cmTC_ddcef.dir/CMakeCXXCompilerABI.cpp.o -lc++ -lSystem /Users/asaxe/miniconda3/envs/procgen/lib/clang/11.1.0/lib/darwin/libclang_rt.osx.a]
    arg [/Users/asaxe/miniconda3/envs/procgen/bin/ld] ==> ignore
    arg [-demangle] ==> ignore
    arg [-lto_library] ==> ignore, skip following value
    arg [/Users/asaxe/miniconda3/envs/procgen/lib/libLTO.11.dylib] ==> skip value of -lto_library
    arg [-dynamic] ==> ignore
    arg [-arch] ==> ignore
    arg [arm64] ==> ignore
    arg [-platform_version] ==> ignore
    arg [macos] ==> ignore
    arg [13.0.0] ==> ignore
    arg [13.3] ==> ignore
    arg [-syslibroot] ==> ignore
    arg [/Library/Developer/CommandLineTools/SDKs/MacOSX.sdk] ==> ignore
    arg [-o] ==> ignore
    arg [cmTC_ddcef] ==> ignore
    arg [-L/Users/asaxe/miniconda3/envs/procgen/lib] ==> dir [/Users/asaxe/miniconda3/envs/procgen/lib]
    arg [-search_paths_first] ==> ignore
    arg [-headerpad_max_install_names] ==> ignore
    arg [-pie] ==> ignore
    arg [-headerpad_max_install_names] ==> ignore
    arg [-dead_strip_dylibs] ==> ignore
    arg [-rpath] ==> ignore
    arg [/Users/asaxe/miniconda3/envs/procgen/lib] ==> ignore
    arg [-v] ==> ignore
    arg [CMakeFiles/cmTC_ddcef.dir/CMakeCXXCompilerABI.cpp.o] ==> ignore
    arg [-lc++] ==> lib [c++]
    arg [-lSystem] ==> lib [System]
    arg [/Users/asaxe/miniconda3/envs/procgen/lib/clang/11.1.0/lib/darwin/libclang_rt.osx.a] ==> lib [/Users/asaxe/miniconda3/envs/procgen/lib/clang/11.1.0/lib/darwin/libclang_rt.osx.a]
  Library search paths: [;/Users/asaxe/miniconda3/envs/procgen/lib;/Library/Developer/CommandLineTools/SDKs/MacOSX.sdk/usr/lib]
  Framework search paths: [;/Library/Developer/CommandLineTools/SDKs/MacOSX.sdk/System/Library/Frameworks/]
  remove lib [System]
  remove lib [/Users/asaxe/miniconda3/envs/procgen/lib/clang/11.1.0/lib/darwin/libclang_rt.osx.a]
  collapse library dir [/Users/asaxe/miniconda3/envs/procgen/lib] ==> [/Users/asaxe/miniconda3/envs/procgen/lib]
  collapse library dir [/Users/asaxe/miniconda3/envs/procgen/lib] ==> [/Users/asaxe/miniconda3/envs/procgen/lib]
  collapse library dir [/Library/Developer/CommandLineTools/SDKs/MacOSX.sdk/usr/lib] ==> [/Library/Developer/CommandLineTools/SDKs/MacOSX.sdk/usr/lib]
  collapse framework dir [/Library/Developer/CommandLineTools/SDKs/MacOSX.sdk/System/Library/Frameworks/] ==> [/Library/Developer/CommandLineTools/SDKs/MacOSX.sdk/System/Library/Frameworks]
  implicit libs: [c++]
  implicit objs: []
  implicit dirs: [/Users/asaxe/miniconda3/envs/procgen/lib;/Library/Developer/CommandLineTools/SDKs/MacOSX.sdk/usr/lib]
  implicit fwks: [/Library/Developer/CommandLineTools/SDKs/MacOSX.sdk/System/Library/Frameworks]


